<?xml version="1.0" encoding="UTF-8"?>
<!-- Generated by org.testng.reporters.JUnitReportReporter -->
<testsuite hostname="EESHANACHARYA" failures="0" tests="1" name="Package.Hji2" time="0.000" errors="0" timestamp="2024-02-20T20:50:00 IST" skipped="0">
  <testcase classname="Package.Hji2" name="add" time="0.000"/>
  <system-out/>
</testsuite> <!-- Package.Hji2 -->
